<?xml version="1.0" encoding="UTF-8"?>
<beans xmlns="http://www.springframework.org/schema/beans"
       xmlns:xsi="http://www.w3.org/2001/XMLSchema-instance"
       xsi:schemaLocation="http://www.springframework.org/schema/beans
                           http://www.springframework.org/schema/beans/spring-beans.xsd">

    <!-- Minimal Spring context for testing -->
    
    <!-- Simple test bean -->
    <bean id="testString" class="java.lang.String">
        <constructor-arg value="Test String Bean"/>
    </bean>

    <!-- H2 DataSource -->
    <bean id="dataSource" class="org.springframework.jdbc.datasource.DriverManagerDataSource">
        <property name="driverClassName" value="org.h2.Driver" />
        <property name="url" value="jdbc:h2:mem:testdb;MODE=MySQL;DB_CLOSE_DELAY=-1" />
        <property name="username" value="sa" />
        <property name="password" value="" />
    </bean>

</beans>