<?xml version="1.0" encoding="UTF-8"?>
<beans xmlns="http://www.springframework.org/schema/beans"
       xmlns:xsi="http://www.w3.org/2001/XMLSchema-instance"
       xmlns:tx="http://www.springframework.org/schema/tx"
       xsi:schemaLocation="http://www.springframework.org/schema/beans 
                           http://www.springframework.org/schema/beans/spring-beans.xsd
                           http://www.springframework.org/schema/tx 
                           http://www.springframework.org/schema/tx/spring-tx.xsd"
       default-autowire="no">

    <!-- Test version of spring_hibernate.xml for testing with H2 -->

    <!-- Hibernate session factory for tests -->
    <bean id="sessionFactory" class="org.springframework.orm.hibernate5.LocalSessionFactoryBean">
        <property name="dataSource" ref="dataSource" />
        <property name="packagesToScan">
            <list>
                <value>ca.openosp.openo.model</value>
                <value>ca.openosp.openo.PMmodule.model</value>
                <value>ca.openosp.openo.casemgmt.model</value>
                <value>ca.openosp.openo.commn.model</value>
                <value>com.quatro.model</value>
                <value>ca.openosp.openo.entities</value>
            </list>
        </property>
        <property name="annotatedClasses">
            <list>
                <value>ca.openosp.openo.commn.model.Admission</value>
            </list>
        </property>
        <property name="hibernateProperties">
            <props>
                <prop key="hibernate.dialect">${hibernate.dialect}</prop>
                <prop key="hibernate.show_sql">${hibernate.show_sql}</prop>
                <prop key="hibernate.generate_statistics">${hibernate.generate_statistics}</prop>
                <prop key="hibernate.cache.use_second_level_cache">false</prop>
                <prop key="hibernate.cache.use_query_cache">false</prop>
                <prop key="hibernate.flushMode">AUTO</prop>
                <prop key="hibernate.allow_update_outside_transaction">true</prop>
                <prop key="hibernate.hbm2ddl.auto">create</prop>
            </props>
        </property>
    </bean>

</beans>