<?xml version="1.0" encoding="UTF-8"?>
<beans xmlns="http://www.springframework.org/schema/beans"
       xmlns:xsi="http://www.w3.org/2001/XMLSchema-instance"
       xmlns:tx="http://www.springframework.org/schema/tx"
       xsi:schemaLocation="
           http://www.springframework.org/schema/beans
           http://www.springframework.org/schema/beans/spring-beans.xsd
           http://www.springframework.org/schema/tx
           http://www.springframework.org/schema/tx/spring-tx.xsd">

    <!-- Minimal test configuration to get tests running -->

    <!-- DataSource - H2 in-memory database -->
    <bean id="dataSource" class="org.apache.commons.dbcp.BasicDataSource" destroy-method="close">
        <property name="driverClassName" value="org.h2.Driver" />
        <property name="url" value="jdbc:h2:mem:testdb;MODE=MySQL;DATABASE_TO_LOWER=TRUE;CASE_INSENSITIVE_IDENTIFIERS=TRUE" />
        <property name="username" value="sa" />
        <property name="password" value="" />
        <property name="defaultAutoCommit" value="true" />
    </bean>

    <!-- JPA EntityManagerFactory -->
    <bean id="entityManagerFactory" class="org.springframework.orm.jpa.LocalContainerEntityManagerFactoryBean">
        <property name="dataSource" ref="dataSource" />
        <property name="packagesToScan">
            <list>
                <value>ca.openosp.openo.commn.model</value>
                <value>ca.openosp.openo.PMmodule.model</value>
            </list>
        </property>
        <property name="jpaVendorAdapter">
            <bean class="org.springframework.orm.jpa.vendor.HibernateJpaVendorAdapter">
                <property name="showSql" value="false" />
                <property name="generateDdl" value="true" />
                <property name="database" value="H2" />
            </bean>
        </property>
        <property name="jpaProperties">
            <props>
                <prop key="hibernate.dialect">org.hibernate.dialect.H2Dialect</prop>
                <prop key="hibernate.show_sql">false</prop>
                <prop key="hibernate.hbm2ddl.auto">create</prop>
            </props>
        </property>
    </bean>

    <!-- Transaction Manager -->
    <bean id="transactionManager" class="org.springframework.orm.jpa.JpaTransactionManager">
        <property name="entityManagerFactory" ref="entityManagerFactory" />
    </bean>

    <!-- Enable @Transactional support -->
    <tx:annotation-driven transaction-manager="transactionManager" />

    <!-- JPA annotations bean post processor -->
    <bean class="org.springframework.orm.jpa.support.PersistenceAnnotationBeanPostProcessor" />

    <!-- Manually define DAOs needed for tests -->
    <bean id="demographicDao" class="ca.openosp.openo.commn.dao.DemographicDaoImpl">
        <property name="entityManager">
            <bean class="org.springframework.orm.jpa.support.SharedEntityManagerBean">
                <property name="entityManagerFactory" ref="entityManagerFactory"/>
            </bean>
        </property>
    </bean>

    <bean id="ticklerDao" class="ca.openosp.openo.commn.dao.TicklerDaoImpl">
        <property name="entityManager">
            <bean class="org.springframework.orm.jpa.support.SharedEntityManagerBean">
                <property name="entityManagerFactory" ref="entityManagerFactory"/>
            </bean>
        </property>
    </bean>

    <bean id="providerDao" class="ca.openosp.openo.dao.ProviderDaoImpl">
        <property name="entityManager">
            <bean class="org.springframework.orm.jpa.support.SharedEntityManagerBean">
                <property name="entityManagerFactory" ref="entityManagerFactory"/>
            </bean>
        </property>
    </bean>

    <!-- Managers -->
    <bean id="ticklerManager" class="ca.openosp.openo.managers.impl.TicklerManagerImpl">
        <property name="ticklerDao" ref="ticklerDao"/>
    </bean>

    <bean id="securityInfoManager" class="ca.openosp.openo.managers.SecurityInfoManager"/>

</beans>