<?xml version="1.0" encoding="UTF-8"?>
<beans xmlns="http://www.springframework.org/schema/beans"
       xmlns:xsi="http://www.w3.org/2001/XMLSchema-instance"
       xmlns:tx="http://www.springframework.org/schema/tx"
       xmlns:context="http://www.springframework.org/schema/context"
       xsi:schemaLocation="http://www.springframework.org/schema/beans
                           http://www.springframework.org/schema/beans/spring-beans.xsd
                           http://www.springframework.org/schema/tx
                           http://www.springframework.org/schema/tx/spring-tx.xsd
                           http://www.springframework.org/schema/context
                           http://www.springframework.org/schema/context/spring-context.xsd">

    <!-- Complete test context with all necessary components -->

    <!-- Enable annotations -->
    <context:annotation-config/>
    <tx:annotation-driven/>

    <!-- Properties -->
    <bean class="org.springframework.beans.factory.config.PropertyPlaceholderConfigurer">
        <property name="properties">
            <props>
                <prop key="db_driver">org.h2.Driver</prop>
                <prop key="db_uri">jdbc:h2:mem:testdb</prop>
                <prop key="db_name">;MODE=MySQL;DB_CLOSE_DELAY=-1</prop>
                <prop key="db_username">sa</prop>
                <prop key="db_password"></prop>
                <prop key="db_max_active">10</prop>
                <prop key="db_max_idle">5</prop>
                <prop key="db_max_wait">10000</prop>
                <prop key="db_validationQuery">SELECT 1</prop>
                <prop key="hibernate.dialect">org.hibernate.dialect.H2Dialect</prop>
                <prop key="hibernate.show_sql">false</prop>
                <prop key="hibernate.generate_statistics">false</prop>
                <prop key="casemgmt.note.password.enabled">false</prop>
            </props>
        </property>
    </bean>

    <!-- DataSource -->
    <bean id="dataSource" class="org.apache.commons.dbcp.BasicDataSource" destroy-method="close">
        <property name="driverClassName" value="${db_driver}" />
        <property name="url" value="${db_uri}${db_name}" />
        <property name="username" value="${db_username}" />
        <property name="password" value="${db_password}" />
        <property name="defaultAutoCommit" value="true" />
        <property name="maxActive" value="${db_max_active}" />
        <property name="maxIdle" value="${db_max_idle}" />
        <property name="maxWait" value="${db_max_wait}" />
        <property name="testOnBorrow" value="true" />
        <property name="validationQuery" value="${db_validationQuery}" />
        <property name="poolPreparedStatements" value="false" />
    </bean>

    <!-- Hibernate SessionFactory -->
    <bean id="sessionFactory" class="org.springframework.orm.hibernate5.LocalSessionFactoryBean">
        <property name="dataSource" ref="dataSource" />
        <property name="mappingDirectoryLocations">
            <!-- Load Hibernate mapping files like production -->
            <list>
                <value>classpath:/ca/openosp/openo/model</value>
                <value>classpath:/ca/openosp/openo/PMmodule/model</value>
                <value>classpath:/ca/openosp/openo/casemgmt/model</value>
                <value>classpath:/ca/openosp/openo/commn/model</value>
                <value>classpath:/com/quatro/model</value>
                <value>classpath:/ca/openosp/openo/entities</value>
            </list>
        </property>
        <property name="hibernateProperties">
            <props>
                <prop key="hibernate.dialect">${hibernate.dialect}</prop>
                <prop key="hibernate.show_sql">${hibernate.show_sql}</prop>
                <prop key="hibernate.hbm2ddl.auto">create</prop>
                <prop key="hibernate.cache.use_second_level_cache">false</prop>
                <prop key="hibernate.cache.use_query_cache">false</prop>
                <prop key="hibernate.flushMode">AUTO</prop>
            </props>
        </property>
    </bean>

    <!-- JPA EntityManagerFactory -->
    <bean id="entityManagerFactory" class="org.springframework.orm.jpa.LocalContainerEntityManagerFactoryBean">
        <property name="dataSource" ref="dataSource" />
        <property name="persistenceUnitName" value="testPersistenceUnit" />
        <property name="packagesToScan">
            <list>
                <value>ca.openosp.openo.commn.model</value>
                <value>ca.openosp.openo.PMmodule.model</value>
                <value>ca.openosp.openo.casemgmt.model</value>
                <value>ca.openosp.openo.billing.CA.model</value>
            </list>
        </property>
        <property name="jpaVendorAdapter">
            <bean class="org.springframework.orm.jpa.vendor.HibernateJpaVendorAdapter" />
        </property>
        <property name="jpaProperties">
            <props>
                <prop key="hibernate.dialect">${hibernate.dialect}</prop>
                <prop key="hibernate.show_sql">${hibernate.show_sql}</prop>
                <prop key="hibernate.hbm2ddl.auto">create</prop>
                <prop key="hibernate.cache.use_second_level_cache">false</prop>
            </props>
        </property>
    </bean>

    <!-- JPA support -->
    <bean class="org.springframework.orm.jpa.support.PersistenceAnnotationBeanPostProcessor" />

    <!-- TransactionManager -->
    <bean id="transactionManager" class="org.springframework.orm.jpa.JpaTransactionManager">
        <property name="entityManagerFactory" ref="entityManagerFactory" />
    </bean>

    <!-- Real DAO implementations for testing -->
    <bean id="demographicDao" class="ca.openosp.openo.commn.dao.DemographicDaoImpl" autowire="byName">
        <property name="sessionFactory" ref="sessionFactory" />
    </bean>

    <bean id="ticklerDao" class="ca.openosp.openo.commn.dao.TicklerDaoImpl" autowire="byName" />

    <bean id="providerDao" class="ca.openosp.openo.dao.ProviderDaoImpl" autowire="byName" />

    <!-- Managers -->
    <bean id="ticklerManager" class="ca.openosp.openo.managers.TicklerManagerImpl" autowire="byName" />

    <bean id="securityInfoManager" class="ca.openosp.openo.managers.SecurityInfoManager" autowire="byName" />

</beans>