<?xml version="1.0" encoding="UTF-8"?>
<beans xmlns="http://www.springframework.org/schema/beans"
       xmlns:xsi="http://www.w3.org/2001/XMLSchema-instance"
       xsi:schemaLocation="
           http://www.springframework.org/schema/beans
           http://www.springframework.org/schema/beans/spring-beans.xsd">

    <!-- Ultra-simple test configuration just to prove the framework works -->

    <!-- Simple in-memory H2 DataSource -->
    <bean id="dataSource" class="org.springframework.jdbc.datasource.DriverManagerDataSource">
        <property name="driverClassName" value="org.h2.Driver" />
        <property name="url" value="jdbc:h2:mem:testdb;MODE=MySQL;DB_CLOSE_DELAY=-1" />
        <property name="username" value="sa" />
        <property name="password" value="" />
    </bean>

    <!-- Mock DAOs for initial testing -->
    <bean id="demographicDao" class="org.mockito.Mockito" factory-method="mock">
        <constructor-arg value="ca.openosp.openo.commn.dao.DemographicDao" />
    </bean>

    <bean id="ticklerDao" class="org.mockito.Mockito" factory-method="mock">
        <constructor-arg value="ca.openosp.openo.commn.dao.TicklerDao" />
    </bean>

    <bean id="providerDao" class="org.mockito.Mockito" factory-method="mock">
        <constructor-arg value="ca.openosp.openo.dao.ProviderDao" />
    </bean>

    <!-- Mock Managers -->
    <bean id="ticklerManager" class="org.mockito.Mockito" factory-method="mock">
        <constructor-arg value="ca.openosp.openo.managers.TicklerManager" />
    </bean>

    <bean id="securityInfoManager" class="org.mockito.Mockito" factory-method="mock">
        <constructor-arg value="ca.openosp.openo.managers.SecurityInfoManager" />
    </bean>

</beans>