<?xml version="1.0" encoding="UTF-8"?>
<beans xmlns="http://www.springframework.org/schema/beans"
       xmlns:xsi="http://www.w3.org/2001/XMLSchema-instance"
       xsi:schemaLocation="http://www.springframework.org/schema/beans
                           http://www.springframework.org/schema/beans/spring-beans.xsd">

    <!-- Import the full test context -->
    <import resource="test-context-full.xml"/>

    <!-- Override SecurityInfoManager with a permissive mock for testing -->
    <bean id="securityInfoManager" class="ca.openosp.openo.test.mocks.MockSecurityInfoManager" primary="true"/>

</beans>